<?xml version="1.0" encoding="UTF-8"?>
<testng-results ignored="0" total="1" passed="1" failed="0" skipped="0">
  <reporter-output>
  </reporter-output>
  <suite started-at="2024-09-15T10:11:53 IST" name="Default suite" finished-at="2024-09-15T10:12:10 IST" duration-ms="16352">
    <groups>
    </groups>
    <test started-at="2024-09-15T10:11:53 IST" name="Default test" finished-at="2024-09-15T10:12:10 IST" duration-ms="16352">
      <class name="com.selenium.test.TC_3_TestWindowHandles">
        <test-method is-config="true" signature="p1()[pri:0, instance:com.selenium.test.TC_3_TestWindowHandles@6c80d78a]" started-at="2024-09-15T10:11:53 IST" name="p1" finished-at="2024-09-15T10:11:59 IST" duration-ms="5501" status="PASS">
          <reporter-output>
          </reporter-output>
        </test-method> <!-- p1 -->
        <test-method signature="VerifyWindowHandles()[pri:0, instance:com.selenium.test.TC_3_TestWindowHandles@6c80d78a]" started-at="2024-09-15T10:11:59 IST" name="VerifyWindowHandles" finished-at="2024-09-15T10:12:09 IST" duration-ms="10521" status="PASS">
          <reporter-output>
          </reporter-output>
        </test-method> <!-- VerifyWindowHandles -->
        <test-method is-config="true" signature="tearDown()[pri:0, instance:com.selenium.test.TC_3_TestWindowHandles@6c80d78a]" started-at="2024-09-15T10:12:09 IST" name="tearDown" finished-at="2024-09-15T10:12:10 IST" duration-ms="299" status="PASS">
          <reporter-output>
          </reporter-output>
        </test-method> <!-- tearDown -->
      </class> <!-- com.selenium.test.TC_3_TestWindowHandles -->
    </test> <!-- Default test -->
  </suite> <!-- Default suite -->
</testng-results>
