<?xml version="1.0" encoding="UTF-8"?>
<testng-results ignored="0" total="1" passed="1" failed="0" skipped="0">
  <reporter-output>
  </reporter-output>
  <suite started-at="2024-09-14T23:19:04 IST" name="Default suite" finished-at="2024-09-14T23:19:28 IST" duration-ms="24249">
    <groups>
      <group name="makemytrip">
        <method signature="TC_1_TestMakemyTripSearch.verifyUserabletoSearch()[pri:0, instance:com.selenium.test.TC_1_TestMakemyTripSearch@6c80d78a]" name="verifyUserabletoSearch" class="com.selenium.test.TC_1_TestMakemyTripSearch"/>
      </group> <!-- makemytrip -->
    </groups>
    <test started-at="2024-09-14T23:19:04 IST" name="Default test" finished-at="2024-09-14T23:19:28 IST" duration-ms="24249">
      <class name="com.selenium.test.TC_1_TestMakemyTripSearch">
        <test-method is-config="true" signature="p2()[pri:0, instance:com.selenium.test.TC_1_TestMakemyTripSearch@6c80d78a]" started-at="2024-09-14T23:19:04 IST" name="p2" finished-at="2024-09-14T23:19:07 IST" duration-ms="3252" status="PASS">
          <reporter-output>
          </reporter-output>
        </test-method> <!-- p2 -->
        <test-method signature="verifyUserabletoSearch()[pri:0, instance:com.selenium.test.TC_1_TestMakemyTripSearch@6c80d78a]" started-at="2024-09-14T23:19:07 IST" name="verifyUserabletoSearch" finished-at="2024-09-14T23:19:28 IST" duration-ms="20643" status="PASS">
          <reporter-output>
          </reporter-output>
        </test-method> <!-- verifyUserabletoSearch -->
        <test-method is-config="true" signature="tearDown()[pri:0, instance:com.selenium.test.TC_1_TestMakemyTripSearch@6c80d78a]" started-at="2024-09-14T23:19:28 IST" name="tearDown" finished-at="2024-09-14T23:19:28 IST" duration-ms="324" status="PASS">
          <reporter-output>
          </reporter-output>
        </test-method> <!-- tearDown -->
      </class> <!-- com.selenium.test.TC_1_TestMakemyTripSearch -->
    </test> <!-- Default test -->
  </suite> <!-- Default suite -->
</testng-results>
